<?xml version="1.0" encoding="UTF-8"?>
<!-- Generated by org.testng.reporters.JUnitReportReporter -->
<testsuite hostname="workstation" failures="0" tests="2" name="test.java.com.laboratory.test.LaboratoryTest" time="0.007" errors="0" timestamp="2020-02-06T19:12:33 BRT" skipped="0">
  <testcase classname="test.java.com.laboratory.test.LaboratoryTest" name="shouldFailSummingTwoNumbers" time="0.007"/>
  <system-out/>
  <testcase classname="test.java.com.laboratory.test.LaboratoryTest" name="shouldPassSummingTwoNumbers" time="0.000"/>
  <system-out/>
</testsuite> <!-- test.java.com.laboratory.test.LaboratoryTest -->
